\BOOKMARK [0][-]{chapter.1}{Introduction}{}% 1
\BOOKMARK [0][-]{chapter.2}{Syntax}{}% 2
\BOOKMARK [1][-]{section.2.1}{Word order}{chapter.2}% 3
\BOOKMARK [1][-]{section.2.2}{Morphological type}{chapter.2}% 4
\BOOKMARK [1][-]{section.2.3}{Case system}{chapter.2}% 5
\BOOKMARK [0][-]{chapter.3}{Phonetics}{}% 6
\BOOKMARK [1][-]{section.3.1}{Consonants}{chapter.3}% 7
\BOOKMARK [1][-]{section.3.2}{Vowels}{chapter.3}% 8
\BOOKMARK [0][-]{chapter.4}{Phonology}{}% 9
\BOOKMARK [1][-]{section.4.1}{Allophony}{chapter.4}% 10
\BOOKMARK [1][-]{section.4.2}{Suprasegmental features \(Prosody\)}{chapter.4}% 11
\BOOKMARK [0][-]{chapter.5}{Morphology}{}% 12
\BOOKMARK [1][-]{section.5.1}{Reduplication}{chapter.5}% 13
\BOOKMARK [1][-]{section.5.2}{Valence-increasing morphology}{chapter.5}% 14
\BOOKMARK [1][-]{section.5.3}{Valence-decreasing morphology}{chapter.5}% 15
\BOOKMARK [1][-]{section.5.4}{Direction-encoding morphology}{chapter.5}% 16
\BOOKMARK [1][-]{section.5.5}{Evidentiality-encoding morphology}{chapter.5}% 17
\BOOKMARK [1][-]{section.5.6}{Emotion expression}{chapter.5}% 18
\BOOKMARK [1][-]{section.5.7}{Numeracy}{chapter.5}% 19
\BOOKMARK [0][-]{chapter.6}{Example interlinearizations}{}% 20
\BOOKMARK [1][-]{section.6.1}{The Bene Gesserit ``Litany Against Fear''}{chapter.6}% 21
\BOOKMARK [1][-]{section.6.2}{Genesis 11:1-9, ``The Tower of Babel''}{chapter.6}% 22
\BOOKMARK [0][-]{chapter.7}{Orthography}{}% 23
\BOOKMARK [1][-]{section.7.1}{Handwritten kuraito}{chapter.7}% 24
\BOOKMARK [1][-]{section.7.2}{Romanization of KuRaNO}{chapter.7}% 25
\BOOKMARK [0][-]{section*.23}{Appendices}{}% 26
\BOOKMARK [0][-]{Appendix.a.A}{Dictionary}{}% 27
\BOOKMARK [0][-]{Appendix.a.B}{KuRaNO Phrasebook}{}% 28
\BOOKMARK [0][-]{Appendix.a.C}{Typesetting KuRaNO}{}% 29
\BOOKMARK [1][-]{section.a.C.1}{Mapping onto Japanese font}{Appendix.a.C}% 30
\BOOKMARK [1][-]{section.a.C.2}{Installation/Usage}{Appendix.a.C}% 31
\BOOKMARK [0][-]{Appendix.a.D}{Questions}{}% 32
\BOOKMARK [1][-]{section.a.D.1}{Syntax-related questions for Professor Jenks}{Appendix.a.D}% 33
